<?xml version="1.0" encoding="UTF-8"?>
<!-- Generated by org.testng.reporters.JUnitReportReporter -->
<testsuite hostname="DESKTOP-82KIFDT" failures="0" tests="1" name="create_new_customer.test6" time="2.159" errors="0" timestamp="2022-11-01T18:13:55 IST" skipped="0">
  <testcase classname="create_new_customer.test6" name="tc006" time="2.159"/>
  <system-out/>
</testsuite> <!-- create_new_customer.test6 -->
