<?xml version="1.0" encoding="UTF-8"?>
<!-- Generated by org.testng.reporters.JUnitReportReporter -->
<testsuite hostname="DESKTOP-82KIFDT" failures="0" tests="1" name="create_new_customer.test5" time="2.216" errors="0" timestamp="2022-11-02T12:56:46 IST" skipped="0">
  <testcase classname="create_new_customer.test5" name="tc005" time="2.216"/>
  <system-out/>
</testsuite> <!-- create_new_customer.test5 -->
