<?xml version="1.0" encoding="UTF-8"?>
<!-- Generated by org.testng.reporters.JUnitReportReporter -->
<testsuite hostname="DESKTOP-82KIFDT" failures="0" tests="1" name="create_new_customer.Test2" time="2.018" errors="0" timestamp="2022-11-01T17:45:17 IST" skipped="0">
  <testcase classname="create_new_customer.Test2" name="tc02" time="2.018"/>
  <system-out/>
</testsuite> <!-- create_new_customer.Test2 -->
