<?xml version="1.0" encoding="UTF-8"?>
<!-- Generated by org.testng.reporters.JUnitReportReporter -->
<testsuite hostname="DESKTOP-82KIFDT" failures="0" tests="1" name="create_new_customer.test3" time="2.411" errors="0" timestamp="2022-11-03T14:14:36 IST" skipped="0">
  <testcase classname="create_new_customer.test3" name="tc003" time="2.411"/>
  <system-out/>
</testsuite> <!-- create_new_customer.test3 -->
